MONGODB_URI not set, using JSON file database
Database initialized. Mode: JSON
Data file: /root/survey-system/data/data.json
Submissions count: 1
Next ID: 2
Admin: admin / admin123
node:events:487
      throw Data saved to /root/survey-system/data/data.json submissions: 1
Data saved to /root/survey-system/data/data.json submissions: 1
Data saved to /root/survey-system/data/data.json submissions: 1
Data saved to /root/survey-system/data/data.json submissions: 1
sten (/root/survey-system/server/node_modules/express/lib/application.js:635:24)
    at startServer (file:///root/survey-system/server/index.js:75:9)
Emitted 'error' event on Server instance at:
    at emitErrorNT (node:net:2044:8)
    at process.processTicksAndRejections (node:internal/process/task_queues:90:21) {
  code: 'EADDRINUSE',
  errno: -98,
  syscall: 'listen',
  address: '::',
  port: 3001
}

Node.js v24.15.0
